2020-04-10 15:19:18,799 [myid:] - INFO  [main:QuorumPeerConfig@173] - Reading configuration from: /Users/kevin/dev/simplefish/cdor/solr-geocoder/zookeeper/bin/../conf/zoo.cfg
2020-04-10 15:19:18,823 [myid:] - INFO  [main:QuorumPeerConfig@459] - clientPortAddress is 0.0.0.0:2181
2020-04-10 15:19:18,823 [myid:] - INFO  [main:QuorumPeerConfig@463] - secureClientPort is not set
2020-04-10 15:19:18,823 [myid:] - INFO  [main:QuorumPeerConfig@479] - observerMasterPort is not set
2020-04-10 15:19:18,824 [myid:] - INFO  [main:QuorumPeerConfig@496] - metricsProvider.className is org.apache.zookeeper.metrics.impl.DefaultMetricsProvider
2020-04-10 15:19:18,826 [myid:] - INFO  [main:DatadirCleanupManager@78] - autopurge.snapRetainCount set to 3
2020-04-10 15:19:18,826 [myid:] - INFO  [main:DatadirCleanupManager@79] - autopurge.purgeInterval set to 0
2020-04-10 15:19:18,826 [myid:] - INFO  [main:DatadirCleanupManager@101] - Purge task is not scheduled.
2020-04-10 15:19:18,827 [myid:] - WARN  [main:QuorumPeerMain@138] - Either no config or no quorum defined in config, running in standalone mode
2020-04-10 15:19:18,828 [myid:] - INFO  [main:ManagedUtil@45] - Log4j found with jmx enabled.
2020-04-10 15:19:18,845 [myid:] - INFO  [main:QuorumPeerConfig@173] - Reading configuration from: /Users/kevin/dev/simplefish/cdor/solr-geocoder/zookeeper/bin/../conf/zoo.cfg
2020-04-10 15:19:18,846 [myid:] - INFO  [main:QuorumPeerConfig@459] - clientPortAddress is 0.0.0.0:2181
2020-04-10 15:19:18,846 [myid:] - INFO  [main:QuorumPeerConfig@463] - secureClientPort is not set
2020-04-10 15:19:18,846 [myid:] - INFO  [main:QuorumPeerConfig@479] - observerMasterPort is not set
2020-04-10 15:19:18,846 [myid:] - INFO  [main:QuorumPeerConfig@496] - metricsProvider.className is org.apache.zookeeper.metrics.impl.DefaultMetricsProvider
2020-04-10 15:19:18,847 [myid:] - INFO  [main:ZooKeeperServerMain@122] - Starting server
2020-04-10 15:19:18,874 [myid:] - INFO  [main:ServerMetrics@62] - ServerMetrics initialized with provider org.apache.zookeeper.metrics.impl.DefaultMetricsProvider@1445d7f
2020-04-10 15:19:18,884 [myid:] - INFO  [main:FileTxnSnapLog@124] - zookeeper.snapshot.trust.empty : false
2020-04-10 15:19:18,937 [myid:] - INFO  [main:ZookeeperBanner@42] - 
2020-04-10 15:19:18,937 [myid:] - INFO  [main:ZookeeperBanner@42] -   ______                  _                                          
2020-04-10 15:19:18,938 [myid:] - INFO  [main:ZookeeperBanner@42] -  |___  /                 | |                                         
2020-04-10 15:19:18,938 [myid:] - INFO  [main:ZookeeperBanner@42] -     / /    ___     ___   | | __   ___    ___   _ __     ___   _ __   
2020-04-10 15:19:18,938 [myid:] - INFO  [main:ZookeeperBanner@42] -    / /    / _ \   / _ \  | |/ /  / _ \  / _ \ | '_ \   / _ \ | '__|
2020-04-10 15:19:18,939 [myid:] - INFO  [main:ZookeeperBanner@42] -   / /__  | (_) | | (_) | |   <  |  __/ |  __/ | |_) | |  __/ | |    
2020-04-10 15:19:18,939 [myid:] - INFO  [main:ZookeeperBanner@42] -  /_____|  \___/   \___/  |_|\_\  \___|  \___| | .__/   \___| |_|
2020-04-10 15:19:18,939 [myid:] - INFO  [main:ZookeeperBanner@42] -                                               | |                     
2020-04-10 15:19:18,939 [myid:] - INFO  [main:ZookeeperBanner@42] -                                               |_|                     
2020-04-10 15:19:18,939 [myid:] - INFO  [main:ZookeeperBanner@42] - 
2020-04-10 15:19:18,944 [myid:] - INFO  [main:Environment@98] - Server environment:zookeeper.version=3.6.0--b4c89dc7f6083829e18fae6e446907ae0b1f22d7, built on 02/25/2020 14:38 GMT
2020-04-10 15:19:18,945 [myid:] - INFO  [main:Environment@98] - Server environment:host.name=localhost
2020-04-10 15:19:18,945 [myid:] - INFO  [main:Environment@98] - Server environment:java.version=14
2020-04-10 15:19:18,945 [myid:] - INFO  [main:Environment@98] - Server environment:java.vendor=AdoptOpenJDK
2020-04-10 15:19:18,945 [myid:] - INFO  [main:Environment@98] - Server environment:java.home=/Library/Java/JavaVirtualMachines/adoptopenjdk-14.jdk/Contents/Home
2020-04-10 15:19:18,946 [myid:] - INFO  [main:Environment@98] - Server environment:java.class.path=/Users/kevin/dev/simplefish/cdor/solr-geocoder/zookeeper/bin/../zookeeper-server/target/classes:/Users/kevin/dev/simplefish/cdor/solr-geocoder/zookeeper/bin/../build/classes:/Users/kevin/dev/simplefish/cdor/solr-geocoder/zookeeper/bin/../zookeeper-server/target/lib/*.jar:/Users/kevin/dev/simplefish/cdor/solr-geocoder/zookeeper/bin/../build/lib/*.jar:/Users/kevin/dev/simplefish/cdor/solr-geocoder/zookeeper/bin/../lib/zookeeper-prometheus-metrics-3.6.0.jar:/Users/kevin/dev/simplefish/cdor/solr-geocoder/zookeeper/bin/../lib/zookeeper-jute-3.6.0.jar:/Users/kevin/dev/simplefish/cdor/solr-geocoder/zookeeper/bin/../lib/zookeeper-3.6.0.jar:/Users/kevin/dev/simplefish/cdor/solr-geocoder/zookeeper/bin/../lib/snappy-java-1.1.7.jar:/Users/kevin/dev/simplefish/cdor/solr-geocoder/zookeeper/bin/../lib/slf4j-log4j12-1.7.25.jar:/Users/kevin/dev/simplefish/cdor/solr-geocoder/zookeeper/bin/../lib/slf4j-api-1.7.25.jar:/Users/kevin/dev/simplefish/cdor/solr-geocoder/zookeeper/bin/../lib/simpleclient_servlet-0.6.0.jar:/Users/kevin/dev/simplefish/cdor/solr-geocoder/zookeeper/bin/../lib/simpleclient_hotspot-0.6.0.jar:/Users/kevin/dev/simplefish/cdor/solr-geocoder/zookeeper/bin/../lib/simpleclient_common-0.6.0.jar:/Users/kevin/dev/simplefish/cdor/solr-geocoder/zookeeper/bin/../lib/simpleclient-0.6.0.jar:/Users/kevin/dev/simplefish/cdor/solr-geocoder/zookeeper/bin/../lib/netty-transport-native-unix-common-4.1.45.Final.jar:/Users/kevin/dev/simplefish/cdor/solr-geocoder/zookeeper/bin/../lib/netty-transport-native-epoll-4.1.45.Final.jar:/Users/kevin/dev/simplefish/cdor/solr-geocoder/zookeeper/bin/../lib/netty-transport-4.1.45.Final.jar:/Users/kevin/dev/simplefish/cdor/solr-geocoder/zookeeper/bin/../lib/netty-resolver-4.1.45.Final.jar:/Users/kevin/dev/simplefish/cdor/solr-geocoder/zookeeper/bin/../lib/netty-handler-4.1.45.Final.jar:/Users/kevin/dev/simplefish/cdor/solr-geocoder/zookeeper/bin/../lib/netty-common-4.1.45.Final.jar:/Users/kevin/dev/simplefish/cdor/solr-geocoder/zookeeper/bin/../lib/netty-codec-4.1.45.Final.jar:/Users/kevin/dev/simplefish/cdor/solr-geocoder/zookeeper/bin/../lib/netty-buffer-4.1.45.Final.jar:/Users/kevin/dev/simplefish/cdor/solr-geocoder/zookeeper/bin/../lib/metrics-core-3.2.5.jar:/Users/kevin/dev/simplefish/cdor/solr-geocoder/zookeeper/bin/../lib/log4j-1.2.17.jar:/Users/kevin/dev/simplefish/cdor/solr-geocoder/zookeeper/bin/../lib/json-simple-1.1.1.jar:/Users/kevin/dev/simplefish/cdor/solr-geocoder/zookeeper/bin/../lib/jline-2.11.jar:/Users/kevin/dev/simplefish/cdor/solr-geocoder/zookeeper/bin/../lib/jetty-util-9.4.24.v20191120.jar:/Users/kevin/dev/simplefish/cdor/solr-geocoder/zookeeper/bin/../lib/jetty-servlet-9.4.24.v20191120.jar:/Users/kevin/dev/simplefish/cdor/solr-geocoder/zookeeper/bin/../lib/jetty-server-9.4.24.v20191120.jar:/Users/kevin/dev/simplefish/cdor/solr-geocoder/zookeeper/bin/../lib/jetty-security-9.4.24.v20191120.jar:/Users/kevin/dev/simplefish/cdor/solr-geocoder/zookeeper/bin/../lib/jetty-io-9.4.24.v20191120.jar:/Users/kevin/dev/simplefish/cdor/solr-geocoder/zookeeper/bin/../lib/jetty-http-9.4.24.v20191120.jar:/Users/kevin/dev/simplefish/cdor/solr-geocoder/zookeeper/bin/../lib/javax.servlet-api-3.1.0.jar:/Users/kevin/dev/simplefish/cdor/solr-geocoder/zookeeper/bin/../lib/jackson-databind-2.9.10.3.jar:/Users/kevin/dev/simplefish/cdor/solr-geocoder/zookeeper/bin/../lib/jackson-core-2.9.10.jar:/Users/kevin/dev/simplefish/cdor/solr-geocoder/zookeeper/bin/../lib/jackson-annotations-2.9.10.jar:/Users/kevin/dev/simplefish/cdor/solr-geocoder/zookeeper/bin/../lib/commons-lang-2.6.jar:/Users/kevin/dev/simplefish/cdor/solr-geocoder/zookeeper/bin/../lib/commons-cli-1.2.jar:/Users/kevin/dev/simplefish/cdor/solr-geocoder/zookeeper/bin/../lib/audience-annotations-0.5.0.jar:/Users/kevin/dev/simplefish/cdor/solr-geocoder/zookeeper/bin/../zookeeper-*.jar:/Users/kevin/dev/simplefish/cdor/solr-geocoder/zookeeper/bin/../zookeeper-server/src/main/resources/lib/*.jar:/Users/kevin/dev/simplefish/cdor/solr-geocoder/zookeeper/bin/../conf:
2020-04-10 15:19:18,946 [myid:] - INFO  [main:Environment@98] - Server environment:java.library.path=/Users/kevin/Library/Java/Extensions:/Library/Java/Extensions:/Network/Library/Java/Extensions:/System/Library/Java/Extensions:/usr/lib/java:.
2020-04-10 15:19:18,946 [myid:] - INFO  [main:Environment@98] - Server environment:java.io.tmpdir=/var/folders/wd/9h4gstcd2zz6lh5wvlxm7_vr0000gn/T/
2020-04-10 15:19:18,947 [myid:] - INFO  [main:Environment@98] - Server environment:java.compiler=<NA>
2020-04-10 15:19:18,947 [myid:] - INFO  [main:Environment@98] - Server environment:os.name=Mac OS X
2020-04-10 15:19:18,947 [myid:] - INFO  [main:Environment@98] - Server environment:os.arch=x86_64
2020-04-10 15:19:18,947 [myid:] - INFO  [main:Environment@98] - Server environment:os.version=10.15.4
2020-04-10 15:19:18,947 [myid:] - INFO  [main:Environment@98] - Server environment:user.name=kevin
2020-04-10 15:19:18,948 [myid:] - INFO  [main:Environment@98] - Server environment:user.home=/Users/kevin
2020-04-10 15:19:18,948 [myid:] - INFO  [main:Environment@98] - Server environment:user.dir=/Users/kevin/dev/simplefish/cdor/solr-geocoder
2020-04-10 15:19:18,948 [myid:] - INFO  [main:Environment@98] - Server environment:os.memory.free=2034MB
2020-04-10 15:19:18,948 [myid:] - INFO  [main:Environment@98] - Server environment:os.memory.max=2048MB
2020-04-10 15:19:18,948 [myid:] - INFO  [main:Environment@98] - Server environment:os.memory.total=2048MB
2020-04-10 15:19:18,949 [myid:] - INFO  [main:ZooKeeperServer@128] - zookeeper.enableEagerACLCheck = false
2020-04-10 15:19:18,949 [myid:] - INFO  [main:ZooKeeperServer@136] - zookeeper.digest.enabled = true
2020-04-10 15:19:18,949 [myid:] - INFO  [main:ZooKeeperServer@140] - zookeeper.closeSessionTxn.enabled = true
2020-04-10 15:19:18,950 [myid:] - INFO  [main:ZooKeeperServer@1433] - zookeeper.flushDelay=0
2020-04-10 15:19:18,950 [myid:] - INFO  [main:ZooKeeperServer@1442] - zookeeper.maxWriteQueuePollTime=0
2020-04-10 15:19:18,950 [myid:] - INFO  [main:ZooKeeperServer@1451] - zookeeper.maxBatchSize=1000
2020-04-10 15:19:18,950 [myid:] - INFO  [main:ZooKeeperServer@241] - zookeeper.intBufferStartingSizeBytes = 1024
2020-04-10 15:19:18,952 [myid:] - INFO  [main:BlueThrottle@141] - Weighed connection throttling is disabled
2020-04-10 15:19:18,954 [myid:] - INFO  [main:ZooKeeperServer@1246] - minSessionTimeout set to 4000
2020-04-10 15:19:18,954 [myid:] - INFO  [main:ZooKeeperServer@1255] - maxSessionTimeout set to 40000
2020-04-10 15:19:18,957 [myid:] - INFO  [main:ResponseCache@45] - Response cache size is initialized with value 400.
2020-04-10 15:19:18,957 [myid:] - INFO  [main:ResponseCache@45] - Response cache size is initialized with value 400.
2020-04-10 15:19:18,959 [myid:] - INFO  [main:RequestPathMetricsCollector@111] - zookeeper.pathStats.slotCapacity = 60
2020-04-10 15:19:18,959 [myid:] - INFO  [main:RequestPathMetricsCollector@112] - zookeeper.pathStats.slotDuration = 15
2020-04-10 15:19:18,959 [myid:] - INFO  [main:RequestPathMetricsCollector@113] - zookeeper.pathStats.maxDepth = 6
2020-04-10 15:19:18,959 [myid:] - INFO  [main:RequestPathMetricsCollector@114] - zookeeper.pathStats.initialDelay = 5
2020-04-10 15:19:18,959 [myid:] - INFO  [main:RequestPathMetricsCollector@115] - zookeeper.pathStats.delay = 5
2020-04-10 15:19:18,959 [myid:] - INFO  [main:RequestPathMetricsCollector@116] - zookeeper.pathStats.enabled = false
2020-04-10 15:19:18,965 [myid:] - INFO  [main:ZooKeeperServer@1470] - The max bytes for all large requests are set to 104857600
2020-04-10 15:19:18,966 [myid:] - INFO  [main:ZooKeeperServer@1484] - The large request threshold is set to -1
2020-04-10 15:19:18,966 [myid:] - INFO  [main:ZooKeeperServer@329] - Created server with tickTime 2000 minSessionTimeout 4000 maxSessionTimeout 40000 clientPortListenBacklog -1 datadir /Users/kevin/dev/simplefish/cdor/solr-geocoder/zookeeper/data/version-2 snapdir /Users/kevin/dev/simplefish/cdor/solr-geocoder/zookeeper/data/version-2
2020-04-10 15:19:19,009 [myid:] - INFO  [main:Log@169] - Logging initialized @1225ms to org.eclipse.jetty.util.log.Slf4jLog
2020-04-10 15:19:19,135 [myid:] - WARN  [main:ContextHandler@1520] - o.e.j.s.ServletContextHandler@79e2c065{/,null,UNAVAILABLE} contextPath ends with /*
2020-04-10 15:19:19,136 [myid:] - WARN  [main:ContextHandler@1531] - Empty contextPath
2020-04-10 15:19:19,160 [myid:] - INFO  [main:Server@359] - jetty-9.4.24.v20191120; built: 2019-11-20T21:37:49.771Z; git: 363d5f2df3a8a28de40604320230664b9c793c16; jvm 14+36
2020-04-10 15:19:19,200 [myid:] - INFO  [main:DefaultSessionIdManager@333] - DefaultSessionIdManager workerName=node0
2020-04-10 15:19:19,201 [myid:] - INFO  [main:DefaultSessionIdManager@338] - No SessionScavenger set, using defaults
2020-04-10 15:19:19,203 [myid:] - INFO  [main:HouseKeeper@140] - node0 Scavenging every 660000ms
2020-04-10 15:19:19,220 [myid:] - INFO  [main:ContextHandler@825] - Started o.e.j.s.ServletContextHandler@79e2c065{/,null,AVAILABLE}
2020-04-10 15:19:19,246 [myid:] - INFO  [main:AbstractConnector@330] - Started ServerConnector@67a20f67{HTTP/1.1,[http/1.1]}{0.0.0.0:8080}
2020-04-10 15:19:19,246 [myid:] - INFO  [main:Server@399] - Started @1462ms
2020-04-10 15:19:19,247 [myid:] - INFO  [main:JettyAdminServer@178] - Started AdminServer on address 0.0.0.0, port 8080 and command URL /commands
2020-04-10 15:19:19,253 [myid:] - INFO  [main:ServerCnxnFactory@169] - Using org.apache.zookeeper.server.NIOServerCnxnFactory as server connection factory
2020-04-10 15:19:19,255 [myid:] - WARN  [main:ServerCnxnFactory@309] - maxCnxns is not configured, using default value 0.
2020-04-10 15:19:19,257 [myid:] - INFO  [main:NIOServerCnxnFactory@666] - Configuring NIO connection handler with 10s sessionless connection timeout, 2 selector thread(s), 16 worker threads, and 64 kB direct buffers.
2020-04-10 15:19:19,259 [myid:] - INFO  [main:NIOServerCnxnFactory@674] - binding to port 0.0.0.0/0.0.0.0:2181
2020-04-10 15:19:19,274 [myid:] - INFO  [main:WatchManagerFactory@42] - Using org.apache.zookeeper.server.watch.WatchManager as watch manager
2020-04-10 15:19:19,275 [myid:] - INFO  [main:WatchManagerFactory@42] - Using org.apache.zookeeper.server.watch.WatchManager as watch manager
2020-04-10 15:19:19,275 [myid:] - INFO  [main:ZKDatabase@132] - zookeeper.snapshotSizeFactor = 0.33
2020-04-10 15:19:19,275 [myid:] - INFO  [main:ZKDatabase@152] - zookeeper.commitLogCount=500
2020-04-10 15:19:19,283 [myid:] - INFO  [main:SnapStream@61] - zookeeper.snapshot.compression.method = CHECKED
2020-04-10 15:19:19,283 [myid:] - INFO  [main:FileTxnSnapLog@470] - Snapshotting: 0x0 to /Users/kevin/dev/simplefish/cdor/solr-geocoder/zookeeper/data/version-2/snapshot.0
2020-04-10 15:19:19,289 [myid:] - INFO  [main:ZKDatabase@289] - Snapshot loaded in 14 ms, highest zxid is 0x0, digest is 1371985504
2020-04-10 15:19:19,290 [myid:] - INFO  [main:FileTxnSnapLog@470] - Snapshotting: 0x0 to /Users/kevin/dev/simplefish/cdor/solr-geocoder/zookeeper/data/version-2/snapshot.0
2020-04-10 15:19:19,290 [myid:] - INFO  [main:ZooKeeperServer@519] - Snapshot taken in 1 ms
2020-04-10 15:19:19,302 [myid:] - INFO  [main:RequestThrottler@74] - zookeeper.request_throttler.shutdownTimeout = 10000
2020-04-10 15:19:19,325 [myid:] - INFO  [main:ContainerManager@83] - Using checkIntervalMs=60000 maxPerMinute=10000 maxNeverUsedIntervalMs=0
2020-04-10 15:19:19,328 [myid:] - INFO  [main:ZKAuditProvider@42] - ZooKeeper audit is disabled.
2020-04-10 15:19:22,491 [myid:] - INFO  [SyncThread:0:FileTxnLog@284] - Creating new log file: log.1
2020-04-10 16:08:58,144 [myid:] - INFO  [main:QuorumPeerConfig@173] - Reading configuration from: /Users/kevin/dev/simplefish/cdor/solr-geocoder/zookeeper/bin/../conf/zoo.cfg
2020-04-10 16:08:58,165 [myid:] - INFO  [main:QuorumPeerConfig@459] - clientPortAddress is 0.0.0.0:2181
2020-04-10 16:08:58,165 [myid:] - INFO  [main:QuorumPeerConfig@463] - secureClientPort is not set
2020-04-10 16:08:58,165 [myid:] - INFO  [main:QuorumPeerConfig@479] - observerMasterPort is not set
2020-04-10 16:08:58,166 [myid:] - INFO  [main:QuorumPeerConfig@496] - metricsProvider.className is org.apache.zookeeper.metrics.impl.DefaultMetricsProvider
2020-04-10 16:08:58,171 [myid:] - INFO  [main:DatadirCleanupManager@78] - autopurge.snapRetainCount set to 3
2020-04-10 16:08:58,171 [myid:] - INFO  [main:DatadirCleanupManager@79] - autopurge.purgeInterval set to 0
2020-04-10 16:08:58,171 [myid:] - INFO  [main:DatadirCleanupManager@101] - Purge task is not scheduled.
2020-04-10 16:08:58,171 [myid:] - WARN  [main:QuorumPeerMain@138] - Either no config or no quorum defined in config, running in standalone mode
2020-04-10 16:08:58,174 [myid:] - INFO  [main:ManagedUtil@45] - Log4j found with jmx enabled.
2020-04-10 16:08:58,189 [myid:] - INFO  [main:QuorumPeerConfig@173] - Reading configuration from: /Users/kevin/dev/simplefish/cdor/solr-geocoder/zookeeper/bin/../conf/zoo.cfg
2020-04-10 16:08:58,190 [myid:] - INFO  [main:QuorumPeerConfig@459] - clientPortAddress is 0.0.0.0:2181
2020-04-10 16:08:58,190 [myid:] - INFO  [main:QuorumPeerConfig@463] - secureClientPort is not set
2020-04-10 16:08:58,190 [myid:] - INFO  [main:QuorumPeerConfig@479] - observerMasterPort is not set
2020-04-10 16:08:58,191 [myid:] - INFO  [main:QuorumPeerConfig@496] - metricsProvider.className is org.apache.zookeeper.metrics.impl.DefaultMetricsProvider
2020-04-10 16:08:58,191 [myid:] - INFO  [main:ZooKeeperServerMain@122] - Starting server
2020-04-10 16:08:58,213 [myid:] - INFO  [main:ServerMetrics@62] - ServerMetrics initialized with provider org.apache.zookeeper.metrics.impl.DefaultMetricsProvider@1445d7f
2020-04-10 16:08:58,219 [myid:] - INFO  [main:FileTxnSnapLog@124] - zookeeper.snapshot.trust.empty : false
2020-04-10 16:08:58,236 [myid:] - INFO  [main:ZookeeperBanner@42] - 
2020-04-10 16:08:58,237 [myid:] - INFO  [main:ZookeeperBanner@42] -   ______                  _                                          
2020-04-10 16:08:58,237 [myid:] - INFO  [main:ZookeeperBanner@42] -  |___  /                 | |                                         
2020-04-10 16:08:58,237 [myid:] - INFO  [main:ZookeeperBanner@42] -     / /    ___     ___   | | __   ___    ___   _ __     ___   _ __   
2020-04-10 16:08:58,237 [myid:] - INFO  [main:ZookeeperBanner@42] -    / /    / _ \   / _ \  | |/ /  / _ \  / _ \ | '_ \   / _ \ | '__|
2020-04-10 16:08:58,237 [myid:] - INFO  [main:ZookeeperBanner@42] -   / /__  | (_) | | (_) | |   <  |  __/ |  __/ | |_) | |  __/ | |    
2020-04-10 16:08:58,238 [myid:] - INFO  [main:ZookeeperBanner@42] -  /_____|  \___/   \___/  |_|\_\  \___|  \___| | .__/   \___| |_|
2020-04-10 16:08:58,238 [myid:] - INFO  [main:ZookeeperBanner@42] -                                               | |                     
2020-04-10 16:08:58,238 [myid:] - INFO  [main:ZookeeperBanner@42] -                                               |_|                     
2020-04-10 16:08:58,238 [myid:] - INFO  [main:ZookeeperBanner@42] - 
2020-04-10 16:08:58,242 [myid:] - INFO  [main:Environment@98] - Server environment:zookeeper.version=3.6.0--b4c89dc7f6083829e18fae6e446907ae0b1f22d7, built on 02/25/2020 14:38 GMT
2020-04-10 16:08:58,242 [myid:] - INFO  [main:Environment@98] - Server environment:host.name=localhost
2020-04-10 16:08:58,242 [myid:] - INFO  [main:Environment@98] - Server environment:java.version=14
2020-04-10 16:08:58,242 [myid:] - INFO  [main:Environment@98] - Server environment:java.vendor=AdoptOpenJDK
2020-04-10 16:08:58,242 [myid:] - INFO  [main:Environment@98] - Server environment:java.home=/Library/Java/JavaVirtualMachines/adoptopenjdk-14.jdk/Contents/Home
2020-04-10 16:08:58,242 [myid:] - INFO  [main:Environment@98] - Server environment:java.class.path=/Users/kevin/dev/simplefish/cdor/solr-geocoder/zookeeper/bin/../zookeeper-server/target/classes:/Users/kevin/dev/simplefish/cdor/solr-geocoder/zookeeper/bin/../build/classes:/Users/kevin/dev/simplefish/cdor/solr-geocoder/zookeeper/bin/../zookeeper-server/target/lib/*.jar:/Users/kevin/dev/simplefish/cdor/solr-geocoder/zookeeper/bin/../build/lib/*.jar:/Users/kevin/dev/simplefish/cdor/solr-geocoder/zookeeper/bin/../lib/zookeeper-prometheus-metrics-3.6.0.jar:/Users/kevin/dev/simplefish/cdor/solr-geocoder/zookeeper/bin/../lib/zookeeper-jute-3.6.0.jar:/Users/kevin/dev/simplefish/cdor/solr-geocoder/zookeeper/bin/../lib/zookeeper-3.6.0.jar:/Users/kevin/dev/simplefish/cdor/solr-geocoder/zookeeper/bin/../lib/snappy-java-1.1.7.jar:/Users/kevin/dev/simplefish/cdor/solr-geocoder/zookeeper/bin/../lib/slf4j-log4j12-1.7.25.jar:/Users/kevin/dev/simplefish/cdor/solr-geocoder/zookeeper/bin/../lib/slf4j-api-1.7.25.jar:/Users/kevin/dev/simplefish/cdor/solr-geocoder/zookeeper/bin/../lib/simpleclient_servlet-0.6.0.jar:/Users/kevin/dev/simplefish/cdor/solr-geocoder/zookeeper/bin/../lib/simpleclient_hotspot-0.6.0.jar:/Users/kevin/dev/simplefish/cdor/solr-geocoder/zookeeper/bin/../lib/simpleclient_common-0.6.0.jar:/Users/kevin/dev/simplefish/cdor/solr-geocoder/zookeeper/bin/../lib/simpleclient-0.6.0.jar:/Users/kevin/dev/simplefish/cdor/solr-geocoder/zookeeper/bin/../lib/netty-transport-native-unix-common-4.1.45.Final.jar:/Users/kevin/dev/simplefish/cdor/solr-geocoder/zookeeper/bin/../lib/netty-transport-native-epoll-4.1.45.Final.jar:/Users/kevin/dev/simplefish/cdor/solr-geocoder/zookeeper/bin/../lib/netty-transport-4.1.45.Final.jar:/Users/kevin/dev/simplefish/cdor/solr-geocoder/zookeeper/bin/../lib/netty-resolver-4.1.45.Final.jar:/Users/kevin/dev/simplefish/cdor/solr-geocoder/zookeeper/bin/../lib/netty-handler-4.1.45.Final.jar:/Users/kevin/dev/simplefish/cdor/solr-geocoder/zookeeper/bin/../lib/netty-common-4.1.45.Final.jar:/Users/kevin/dev/simplefish/cdor/solr-geocoder/zookeeper/bin/../lib/netty-codec-4.1.45.Final.jar:/Users/kevin/dev/simplefish/cdor/solr-geocoder/zookeeper/bin/../lib/netty-buffer-4.1.45.Final.jar:/Users/kevin/dev/simplefish/cdor/solr-geocoder/zookeeper/bin/../lib/metrics-core-3.2.5.jar:/Users/kevin/dev/simplefish/cdor/solr-geocoder/zookeeper/bin/../lib/log4j-1.2.17.jar:/Users/kevin/dev/simplefish/cdor/solr-geocoder/zookeeper/bin/../lib/json-simple-1.1.1.jar:/Users/kevin/dev/simplefish/cdor/solr-geocoder/zookeeper/bin/../lib/jline-2.11.jar:/Users/kevin/dev/simplefish/cdor/solr-geocoder/zookeeper/bin/../lib/jetty-util-9.4.24.v20191120.jar:/Users/kevin/dev/simplefish/cdor/solr-geocoder/zookeeper/bin/../lib/jetty-servlet-9.4.24.v20191120.jar:/Users/kevin/dev/simplefish/cdor/solr-geocoder/zookeeper/bin/../lib/jetty-server-9.4.24.v20191120.jar:/Users/kevin/dev/simplefish/cdor/solr-geocoder/zookeeper/bin/../lib/jetty-security-9.4.24.v20191120.jar:/Users/kevin/dev/simplefish/cdor/solr-geocoder/zookeeper/bin/../lib/jetty-io-9.4.24.v20191120.jar:/Users/kevin/dev/simplefish/cdor/solr-geocoder/zookeeper/bin/../lib/jetty-http-9.4.24.v20191120.jar:/Users/kevin/dev/simplefish/cdor/solr-geocoder/zookeeper/bin/../lib/javax.servlet-api-3.1.0.jar:/Users/kevin/dev/simplefish/cdor/solr-geocoder/zookeeper/bin/../lib/jackson-databind-2.9.10.3.jar:/Users/kevin/dev/simplefish/cdor/solr-geocoder/zookeeper/bin/../lib/jackson-core-2.9.10.jar:/Users/kevin/dev/simplefish/cdor/solr-geocoder/zookeeper/bin/../lib/jackson-annotations-2.9.10.jar:/Users/kevin/dev/simplefish/cdor/solr-geocoder/zookeeper/bin/../lib/commons-lang-2.6.jar:/Users/kevin/dev/simplefish/cdor/solr-geocoder/zookeeper/bin/../lib/commons-cli-1.2.jar:/Users/kevin/dev/simplefish/cdor/solr-geocoder/zookeeper/bin/../lib/audience-annotations-0.5.0.jar:/Users/kevin/dev/simplefish/cdor/solr-geocoder/zookeeper/bin/../zookeeper-*.jar:/Users/kevin/dev/simplefish/cdor/solr-geocoder/zookeeper/bin/../zookeeper-server/src/main/resources/lib/*.jar:/Users/kevin/dev/simplefish/cdor/solr-geocoder/zookeeper/bin/../conf:
2020-04-10 16:08:58,243 [myid:] - INFO  [main:Environment@98] - Server environment:java.library.path=/Users/kevin/Library/Java/Extensions:/Library/Java/Extensions:/Network/Library/Java/Extensions:/System/Library/Java/Extensions:/usr/lib/java:.
2020-04-10 16:08:58,243 [myid:] - INFO  [main:Environment@98] - Server environment:java.io.tmpdir=/var/folders/wd/9h4gstcd2zz6lh5wvlxm7_vr0000gn/T/
2020-04-10 16:08:58,243 [myid:] - INFO  [main:Environment@98] - Server environment:java.compiler=<NA>
2020-04-10 16:08:58,243 [myid:] - INFO  [main:Environment@98] - Server environment:os.name=Mac OS X
2020-04-10 16:08:58,243 [myid:] - INFO  [main:Environment@98] - Server environment:os.arch=x86_64
2020-04-10 16:08:58,243 [myid:] - INFO  [main:Environment@98] - Server environment:os.version=10.15.4
2020-04-10 16:08:58,243 [myid:] - INFO  [main:Environment@98] - Server environment:user.name=kevin
2020-04-10 16:08:58,244 [myid:] - INFO  [main:Environment@98] - Server environment:user.home=/Users/kevin
2020-04-10 16:08:58,244 [myid:] - INFO  [main:Environment@98] - Server environment:user.dir=/Users/kevin/dev/simplefish/cdor/solr-geocoder
2020-04-10 16:08:58,244 [myid:] - INFO  [main:Environment@98] - Server environment:os.memory.free=2034MB
2020-04-10 16:08:58,244 [myid:] - INFO  [main:Environment@98] - Server environment:os.memory.max=2048MB
2020-04-10 16:08:58,244 [myid:] - INFO  [main:Environment@98] - Server environment:os.memory.total=2048MB
2020-04-10 16:08:58,244 [myid:] - INFO  [main:ZooKeeperServer@128] - zookeeper.enableEagerACLCheck = false
2020-04-10 16:08:58,244 [myid:] - INFO  [main:ZooKeeperServer@136] - zookeeper.digest.enabled = true
2020-04-10 16:08:58,244 [myid:] - INFO  [main:ZooKeeperServer@140] - zookeeper.closeSessionTxn.enabled = true
2020-04-10 16:08:58,244 [myid:] - INFO  [main:ZooKeeperServer@1433] - zookeeper.flushDelay=0
2020-04-10 16:08:58,245 [myid:] - INFO  [main:ZooKeeperServer@1442] - zookeeper.maxWriteQueuePollTime=0
2020-04-10 16:08:58,245 [myid:] - INFO  [main:ZooKeeperServer@1451] - zookeeper.maxBatchSize=1000
2020-04-10 16:08:58,245 [myid:] - INFO  [main:ZooKeeperServer@241] - zookeeper.intBufferStartingSizeBytes = 1024
2020-04-10 16:08:58,247 [myid:] - INFO  [main:BlueThrottle@141] - Weighed connection throttling is disabled
2020-04-10 16:08:58,249 [myid:] - INFO  [main:ZooKeeperServer@1246] - minSessionTimeout set to 4000
2020-04-10 16:08:58,250 [myid:] - INFO  [main:ZooKeeperServer@1255] - maxSessionTimeout set to 40000
2020-04-10 16:08:58,252 [myid:] - INFO  [main:ResponseCache@45] - Response cache size is initialized with value 400.
2020-04-10 16:08:58,252 [myid:] - INFO  [main:ResponseCache@45] - Response cache size is initialized with value 400.
2020-04-10 16:08:58,253 [myid:] - INFO  [main:RequestPathMetricsCollector@111] - zookeeper.pathStats.slotCapacity = 60
2020-04-10 16:08:58,253 [myid:] - INFO  [main:RequestPathMetricsCollector@112] - zookeeper.pathStats.slotDuration = 15
2020-04-10 16:08:58,253 [myid:] - INFO  [main:RequestPathMetricsCollector@113] - zookeeper.pathStats.maxDepth = 6
2020-04-10 16:08:58,254 [myid:] - INFO  [main:RequestPathMetricsCollector@114] - zookeeper.pathStats.initialDelay = 5
2020-04-10 16:08:58,254 [myid:] - INFO  [main:RequestPathMetricsCollector@115] - zookeeper.pathStats.delay = 5
2020-04-10 16:08:58,254 [myid:] - INFO  [main:RequestPathMetricsCollector@116] - zookeeper.pathStats.enabled = false
2020-04-10 16:08:58,259 [myid:] - INFO  [main:ZooKeeperServer@1470] - The max bytes for all large requests are set to 104857600
2020-04-10 16:08:58,259 [myid:] - INFO  [main:ZooKeeperServer@1484] - The large request threshold is set to -1
2020-04-10 16:08:58,259 [myid:] - INFO  [main:ZooKeeperServer@329] - Created server with tickTime 2000 minSessionTimeout 4000 maxSessionTimeout 40000 clientPortListenBacklog -1 datadir /Users/kevin/dev/simplefish/cdor/solr-geocoder/zookeeper/data/version-2 snapdir /Users/kevin/dev/simplefish/cdor/solr-geocoder/zookeeper/data/version-2
2020-04-10 16:08:58,304 [myid:] - INFO  [main:Log@169] - Logging initialized @1176ms to org.eclipse.jetty.util.log.Slf4jLog
2020-04-10 16:08:58,433 [myid:] - WARN  [main:ContextHandler@1520] - o.e.j.s.ServletContextHandler@79e2c065{/,null,UNAVAILABLE} contextPath ends with /*
2020-04-10 16:08:58,433 [myid:] - WARN  [main:ContextHandler@1531] - Empty contextPath
2020-04-10 16:08:58,455 [myid:] - INFO  [main:Server@359] - jetty-9.4.24.v20191120; built: 2019-11-20T21:37:49.771Z; git: 363d5f2df3a8a28de40604320230664b9c793c16; jvm 14+36
2020-04-10 16:08:58,515 [myid:] - INFO  [main:DefaultSessionIdManager@333] - DefaultSessionIdManager workerName=node0
2020-04-10 16:08:58,515 [myid:] - INFO  [main:DefaultSessionIdManager@338] - No SessionScavenger set, using defaults
2020-04-10 16:08:58,518 [myid:] - INFO  [main:HouseKeeper@140] - node0 Scavenging every 660000ms
2020-04-10 16:08:58,536 [myid:] - INFO  [main:ContextHandler@825] - Started o.e.j.s.ServletContextHandler@79e2c065{/,null,AVAILABLE}
2020-04-10 16:08:58,570 [myid:] - INFO  [main:AbstractConnector@330] - Started ServerConnector@67a20f67{HTTP/1.1,[http/1.1]}{0.0.0.0:8080}
2020-04-10 16:08:58,571 [myid:] - INFO  [main:Server@399] - Started @1443ms
2020-04-10 16:08:58,571 [myid:] - INFO  [main:JettyAdminServer@178] - Started AdminServer on address 0.0.0.0, port 8080 and command URL /commands
2020-04-10 16:08:58,582 [myid:] - INFO  [main:ServerCnxnFactory@169] - Using org.apache.zookeeper.server.NIOServerCnxnFactory as server connection factory
2020-04-10 16:08:58,584 [myid:] - WARN  [main:ServerCnxnFactory@309] - maxCnxns is not configured, using default value 0.
2020-04-10 16:08:58,587 [myid:] - INFO  [main:NIOServerCnxnFactory@666] - Configuring NIO connection handler with 10s sessionless connection timeout, 2 selector thread(s), 16 worker threads, and 64 kB direct buffers.
2020-04-10 16:08:58,589 [myid:] - INFO  [main:NIOServerCnxnFactory@674] - binding to port 0.0.0.0/0.0.0.0:2181
2020-04-10 16:08:58,612 [myid:] - INFO  [main:WatchManagerFactory@42] - Using org.apache.zookeeper.server.watch.WatchManager as watch manager
2020-04-10 16:08:58,612 [myid:] - INFO  [main:WatchManagerFactory@42] - Using org.apache.zookeeper.server.watch.WatchManager as watch manager
2020-04-10 16:08:58,612 [myid:] - INFO  [main:ZKDatabase@132] - zookeeper.snapshotSizeFactor = 0.33
2020-04-10 16:08:58,612 [myid:] - INFO  [main:ZKDatabase@152] - zookeeper.commitLogCount=500
2020-04-10 16:08:58,618 [myid:] - INFO  [main:SnapStream@61] - zookeeper.snapshot.compression.method = CHECKED
2020-04-10 16:08:58,619 [myid:] - INFO  [main:FileSnap@85] - Reading snapshot /Users/kevin/dev/simplefish/cdor/solr-geocoder/zookeeper/data/version-2/snapshot.0
2020-04-10 16:08:58,626 [myid:] - INFO  [main:DataTree@1737] - The digest value is empty in snapshot
2020-04-10 16:08:58,735 [myid:] - INFO  [main:ZKAuditProvider@42] - ZooKeeper audit is disabled.
2020-04-10 16:08:58,745 [myid:] - INFO  [main:FileTxnSnapLog@363] - 453 txns loaded in 110 ms
2020-04-10 16:08:58,745 [myid:] - INFO  [main:ZKDatabase@289] - Snapshot loaded in 133 ms, highest zxid is 0x1c5, digest is 233250965578
2020-04-10 16:08:58,746 [myid:] - INFO  [main:FileTxnSnapLog@470] - Snapshotting: 0x1c5 to /Users/kevin/dev/simplefish/cdor/solr-geocoder/zookeeper/data/version-2/snapshot.1c5
2020-04-10 16:08:58,758 [myid:] - INFO  [main:ZooKeeperServer@519] - Snapshot taken in 12 ms
2020-04-10 16:08:58,784 [myid:] - INFO  [main:RequestThrottler@74] - zookeeper.request_throttler.shutdownTimeout = 10000
2020-04-10 16:08:58,818 [myid:] - INFO  [main:ContainerManager@83] - Using checkIntervalMs=60000 maxPerMinute=10000 maxNeverUsedIntervalMs=0
2020-04-10 16:09:01,485 [myid:] - INFO  [SyncThread:0:FileTxnLog@284] - Creating new log file: log.1c6
2020-04-10 16:16:50,451 [myid:] - WARN  [NIOWorkerThread-13:NIOServerCnxn@364] - Unexpected exception
EndOfStreamException: Unable to read additional data from client, it probably closed the socket: address = /127.0.0.1:63307, session = 0x1001a37e44c0006
	at org.apache.zookeeper.server.NIOServerCnxn.handleFailedRead(NIOServerCnxn.java:163)
	at org.apache.zookeeper.server.NIOServerCnxn.doIO(NIOServerCnxn.java:326)
	at org.apache.zookeeper.server.NIOServerCnxnFactory$IOWorkRequest.doWork(NIOServerCnxnFactory.java:522)
	at org.apache.zookeeper.server.WorkerService$ScheduledWorkRequest.run(WorkerService.java:154)
	at java.base/java.util.concurrent.ThreadPoolExecutor.runWorker(ThreadPoolExecutor.java:1130)
	at java.base/java.util.concurrent.ThreadPoolExecutor$Worker.run(ThreadPoolExecutor.java:630)
	at java.base/java.lang.Thread.run(Thread.java:832)
2020-04-10 16:16:58,212 [myid:] - INFO  [SessionTracker:ZooKeeperServer@600] - Expiring session 0x1001a37e44c0006, timeout of 10000ms exceeded
2020-04-13 15:19:36,846 [myid:] - INFO  [Snapshot Thread:FileTxnSnapLog@470] - Snapshotting: 0x22b to /Users/kevin/dev/simplefish/cdor/solr-geocoder/zookeeper/data/version-2/snapshot.22b
2020-04-13 15:19:36,974 [myid:] - INFO  [Snapshot Thread:ZooKeeperServer@519] - Snapshot taken in 161 ms
2020-04-13 15:19:37,024 [myid:] - INFO  [SyncThread:0:FileTxnLog@284] - Creating new log file: log.22d
2020-04-15 06:50:14,903 [myid:] - INFO  [SessionTracker:ZooKeeperServer@600] - Expiring session 0x1001a37e44c0003, timeout of 15000ms exceeded
2020-04-15 06:50:15,991 [myid:] - INFO  [SessionTracker:ZooKeeperServer@600] - Expiring session 0x1001a37e44c0005, timeout of 15000ms exceeded
2020-04-15 06:50:15,991 [myid:] - INFO  [SessionTracker:ZooKeeperServer@600] - Expiring session 0x1001a37e44c0001, timeout of 15000ms exceeded
2020-04-15 06:50:16,499 [myid:] - WARN  [NIOWorkerThread-6:NIOServerCnxn@364] - Unexpected exception
EndOfStreamException: Unable to read additional data from client, it probably closed the socket: address = /127.0.0.1:62572, session = 0x1001a37e44c0001
	at org.apache.zookeeper.server.NIOServerCnxn.handleFailedRead(NIOServerCnxn.java:163)
	at org.apache.zookeeper.server.NIOServerCnxn.doIO(NIOServerCnxn.java:326)
	at org.apache.zookeeper.server.NIOServerCnxnFactory$IOWorkRequest.doWork(NIOServerCnxnFactory.java:522)
	at org.apache.zookeeper.server.WorkerService$ScheduledWorkRequest.run(WorkerService.java:154)
	at java.base/java.util.concurrent.ThreadPoolExecutor.runWorker(ThreadPoolExecutor.java:1130)
	at java.base/java.util.concurrent.ThreadPoolExecutor$Worker.run(ThreadPoolExecutor.java:630)
	at java.base/java.lang.Thread.run(Thread.java:832)
2020-04-15 06:50:17,097 [myid:] - INFO  [SyncThread:0:FileTxnLog@284] - Creating new log file: log.232
2020-04-15 06:50:17,149 [myid:] - INFO  [Snapshot Thread:FileTxnSnapLog@470] - Snapshotting: 0x230 to /Users/kevin/dev/simplefish/cdor/solr-geocoder/zookeeper/data/version-2/snapshot.230
2020-04-15 06:50:17,513 [myid:] - INFO  [Snapshot Thread:ZooKeeperServer@519] - Snapshot taken in 391 ms
2020-04-15 06:50:19,008 [myid:] - INFO  [NIOWorkerThread-15:ZooKeeperServer@1032] - Invalid session 0x1001a37e44c0001 for client /127.0.0.1:58323, probably expired
2020-04-15 06:50:19,348 [myid:] - INFO  [NIOWorkerThread-8:ZooKeeperServer@1032] - Invalid session 0x1001a37e44c0003 for client /127.0.0.1:58324, probably expired
2020-04-15 06:50:20,670 [myid:] - INFO  [NIOWorkerThread-15:ZooKeeperServer@1032] - Invalid session 0x1001a37e44c0005 for client /127.0.0.1:58366, probably expired
